[storageulf@hadoop ~]$  hadoop jar /home/storageulf/hadoop/hadoop-2.7.2/share/hadoop/tools/lib/hadoop-streaming-2.7.2.jar -input ~/hadoop-book/input/ncdc/sample.txt -output ~/output -mapper ~/hadoop-book/ch02-mr-intro/src/main/python/max_temperature_map.py -reducer ~/hadoop-book/ch02-mr-intro/src/main/python/max_temperature_reduce.py
16/09/26 03:46:05 INFO Configuration.deprecation: session.id is deprecated. Instead, use dfs.metrics.session-id
16/09/26 03:46:05 INFO jvm.JvmMetrics: Initializing JVM Metrics with processName=JobTracker, sessionId=
16/09/26 03:46:05 INFO jvm.JvmMetrics: Cannot initialize JVM Metrics with processName=JobTracker, sessionId= - already initialized
16/09/26 03:46:06 INFO mapred.FileInputFormat: Total input paths to process : 1
16/09/26 03:46:06 INFO mapreduce.JobSubmitter: number of splits:1
16/09/26 03:46:07 INFO mapreduce.JobSubmitter: Submitting tokens for job: job_local514368623_0001
16/09/26 03:46:07 INFO mapreduce.Job: The url to track the job: http://localhost:8080/
16/09/26 03:46:07 INFO mapreduce.Job: Running job: job_local514368623_0001
16/09/26 03:46:07 INFO mapred.LocalJobRunner: OutputCommitter set in config null
16/09/26 03:46:07 INFO mapred.LocalJobRunner: OutputCommitter is org.apache.hadoop.mapred.FileOutputCommitter
16/09/26 03:46:07 INFO output.FileOutputCommitter: File Output Committer Algorithm version is 1
16/09/26 03:46:07 INFO mapred.LocalJobRunner: Waiting for map tasks
16/09/26 03:46:07 INFO mapred.LocalJobRunner: Starting task: attempt_local514368623_0001_m_000000_0
16/09/26 03:46:07 INFO output.FileOutputCommitter: File Output Committer Algorithm version is 1
16/09/26 03:46:07 INFO mapred.Task:  Using ResourceCalculatorProcessTree : [ ]
16/09/26 03:46:07 INFO mapred.MapTask: Processing split: file:/home/storageulf/hadoop-book/input/ncdc/sample.txt:0+529
16/09/26 03:46:07 INFO mapred.MapTask: numReduceTasks: 1
16/09/26 03:46:08 INFO mapred.MapTask: (EQUATOR) 0 kvi 26214396(104857584)
16/09/26 03:46:08 INFO mapred.MapTask: mapreduce.task.io.sort.mb: 100
16/09/26 03:46:08 INFO mapred.MapTask: soft limit at 83886080
16/09/26 03:46:08 INFO mapred.MapTask: bufstart = 0; bufvoid = 104857600
16/09/26 03:46:08 INFO mapred.MapTask: kvstart = 26214396; length = 6553600
16/09/26 03:46:08 INFO mapred.MapTask: Map output collector class = org.apache.hadoop.mapred.MapTask$MapOutputBuffer
16/09/26 03:46:08 INFO streaming.PipeMapRed: PipeMapRed exec [/home/storageulf/hadoop-book/ch02-mr-intro/src/main/python/max_temperature_map.py]
16/09/26 03:46:08 INFO Configuration.deprecation: mapred.work.output.dir is deprecated. Instead, use mapreduce.task.output.dir
16/09/26 03:46:08 INFO Configuration.deprecation: map.input.start is deprecated. Instead, use mapreduce.map.input.start
16/09/26 03:46:08 INFO Configuration.deprecation: mapred.task.is.map is deprecated. Instead, use mapreduce.task.ismap
16/09/26 03:46:08 INFO Configuration.deprecation: mapred.task.id is deprecated. Instead, use mapreduce.task.attempt.id
16/09/26 03:46:08 INFO Configuration.deprecation: mapred.tip.id is deprecated. Instead, use mapreduce.task.id
16/09/26 03:46:08 INFO Configuration.deprecation: mapred.local.dir is deprecated. Instead, use mapreduce.cluster.local.dir
16/09/26 03:46:08 INFO Configuration.deprecation: map.input.file is deprecated. Instead, use mapreduce.map.input.file
16/09/26 03:46:08 INFO Configuration.deprecation: mapred.skip.on is deprecated. Instead, use mapreduce.job.skiprecords
16/09/26 03:46:08 INFO Configuration.deprecation: map.input.length is deprecated. Instead, use mapreduce.map.input.length
16/09/26 03:46:08 INFO Configuration.deprecation: mapred.job.id is deprecated. Instead, use mapreduce.job.id
16/09/26 03:46:08 INFO Configuration.deprecation: user.name is deprecated. Instead, use mapreduce.job.user.name
16/09/26 03:46:08 INFO Configuration.deprecation: mapred.task.partition is deprecated. Instead, use mapreduce.task.partition
16/09/26 03:46:08 INFO streaming.PipeMapRed: R/W/S=1/0/0 in:NA [rec/s] out:NA [rec/s]
16/09/26 03:46:08 INFO streaming.PipeMapRed: Records R/W=5/1
16/09/26 03:46:08 INFO streaming.PipeMapRed: MRErrorThread done
16/09/26 03:46:08 INFO streaming.PipeMapRed: mapRedFinished
16/09/26 03:46:08 INFO mapred.LocalJobRunner:
16/09/26 03:46:08 INFO mapred.MapTask: Starting flush of map output
16/09/26 03:46:08 INFO mapred.MapTask: Spilling map output
16/09/26 03:46:08 INFO mapred.MapTask: bufstart = 0; bufend = 55; bufvoid = 104857600
16/09/26 03:46:08 INFO mapred.MapTask: kvstart = 26214396(104857584); kvend = 26214380(104857520); length = 17/6553600
16/09/26 03:46:08 INFO mapred.MapTask: Finished spill 0
16/09/26 03:46:08 INFO mapred.Task: Task:attempt_local514368623_0001_m_000000_0 is done. And is in the process of committing
16/09/26 03:46:08 INFO mapred.LocalJobRunner: Records R/W=5/1
16/09/26 03:46:08 INFO mapred.Task: Task 'attempt_local514368623_0001_m_000000_0' done.
16/09/26 03:46:08 INFO mapred.LocalJobRunner: Finishing task: attempt_local514368623_0001_m_000000_0
16/09/26 03:46:08 INFO mapred.LocalJobRunner: map task executor complete.
16/09/26 03:46:08 INFO mapred.LocalJobRunner: Waiting for reduce tasks
16/09/26 03:46:08 INFO mapred.LocalJobRunner: Starting task: attempt_local514368623_0001_r_000000_0
16/09/26 03:46:08 INFO output.FileOutputCommitter: File Output Committer Algorithm version is 1
16/09/26 03:46:08 INFO mapred.Task:  Using ResourceCalculatorProcessTree : [ ]
16/09/26 03:46:08 INFO mapred.ReduceTask: Using ShuffleConsumerPlugin: org.apache.hadoop.mapreduce.task.reduce.Shuffle@73254812
16/09/26 03:46:08 INFO reduce.MergeManagerImpl: MergerManager: memoryLimit=363285696, maxSingleShuffleLimit=90821424, mergeThreshold=239768576, ioSortFactor=10, memToMemMergeOutputsThreshold=10
16/09/26 03:46:08 INFO reduce.EventFetcher: attempt_local514368623_0001_r_000000_0 Thread started: EventFetcher for fetching Map Completion Events
16/09/26 03:46:08 INFO reduce.LocalFetcher: localfetcher#1 about to shuffle output of map attempt_local514368623_0001_m_000000_0 decomp: 67 len: 71 to MEMORY
16/09/26 03:46:08 INFO reduce.InMemoryMapOutput: Read 67 bytes from map-output for attempt_local514368623_0001_m_000000_0
16/09/26 03:46:08 INFO reduce.MergeManagerImpl: closeInMemoryFile -> map-output of size: 67, inMemoryMapOutputs.size() -> 1, commitMemory -> 0, usedMemory ->67
16/09/26 03:46:08 WARN io.ReadaheadPool: Failed readahead on ifile
EBADF: Bad file descriptor
        at org.apache.hadoop.io.nativeio.NativeIO$POSIX.posix_fadvise(Native Method)
        at org.apache.hadoop.io.nativeio.NativeIO$POSIX.posixFadviseIfPossible(NativeIO.java:267)
        at org.apache.hadoop.io.nativeio.NativeIO$POSIX$CacheManipulator.posixFadviseIfPossible(NativeIO.java:146)
        at org.apache.hadoop.io.ReadaheadPool$ReadaheadRequestImpl.run(ReadaheadPool.java:206)
        at java.util.concurrent.ThreadPoolExecutor.runWorker(ThreadPoolExecutor.java:1142)
        at java.util.concurrent.ThreadPoolExecutor$Worker.run(ThreadPoolExecutor.java:617)
        at java.lang.Thread.run(Thread.java:745)
16/09/26 03:46:08 INFO reduce.EventFetcher: EventFetcher is interrupted.. Returning
16/09/26 03:46:08 INFO mapred.LocalJobRunner: 1 / 1 copied.
16/09/26 03:46:08 INFO reduce.MergeManagerImpl: finalMerge called with 1 in-memory map-outputs and 0 on-disk map-outputs
16/09/26 03:46:08 INFO mapred.Merger: Merging 1 sorted segments
16/09/26 03:46:08 INFO mapred.Merger: Down to the last merge-pass, with 1 segments left of total size: 60 bytes
16/09/26 03:46:08 INFO reduce.MergeManagerImpl: Merged 1 segments, 67 bytes to disk to satisfy reduce memory limit
16/09/26 03:46:08 INFO reduce.MergeManagerImpl: Merging 1 files, 71 bytes from disk
16/09/26 03:46:08 INFO reduce.MergeManagerImpl: Merging 0 segments, 0 bytes from memory into reduce
16/09/26 03:46:08 INFO mapred.Merger: Merging 1 sorted segments
16/09/26 03:46:08 INFO mapred.Merger: Down to the last merge-pass, with 1 segments left of total size: 60 bytes
16/09/26 03:46:08 INFO mapred.LocalJobRunner: 1 / 1 copied.
16/09/26 03:46:08 INFO streaming.PipeMapRed: PipeMapRed exec [/home/storageulf/hadoop-book/ch02-mr-intro/src/main/python/max_temperature_reduce.py]
16/09/26 03:46:08 INFO Configuration.deprecation: mapred.job.tracker is deprecated. Instead, use mapreduce.jobtracker.address
16/09/26 03:46:08 INFO Configuration.deprecation: mapred.map.tasks is deprecated. Instead, use mapreduce.job.maps
16/09/26 03:46:08 INFO streaming.PipeMapRed: R/W/S=1/0/0 in:NA [rec/s] out:NA [rec/s]
16/09/26 03:46:08 INFO streaming.PipeMapRed: Records R/W=5/1
16/09/26 03:46:08 INFO streaming.PipeMapRed: MRErrorThread done
16/09/26 03:46:08 INFO streaming.PipeMapRed: mapRedFinished
16/09/26 03:46:08 INFO mapred.Task: Task:attempt_local514368623_0001_r_000000_0 is done. And is in the process of committing
16/09/26 03:46:08 INFO mapred.LocalJobRunner: 1 / 1 copied.
16/09/26 03:46:08 INFO mapred.Task: Task attempt_local514368623_0001_r_000000_0 is allowed to commit now
16/09/26 03:46:08 INFO output.FileOutputCommitter: Saved output of task 'attempt_local514368623_0001_r_000000_0' to file:/home/storageulf/output/_temporary/0/task_local514368623_0001_r_000000
16/09/26 03:46:08 INFO mapred.LocalJobRunner: Records R/W=5/1 > reduce
16/09/26 03:46:08 INFO mapred.Task: Task 'attempt_local514368623_0001_r_000000_0' done.
16/09/26 03:46:08 INFO mapred.LocalJobRunner: Finishing task: attempt_local514368623_0001_r_000000_0
16/09/26 03:46:08 INFO mapred.LocalJobRunner: reduce task executor complete.
16/09/26 03:46:08 INFO mapreduce.Job: Job job_local514368623_0001 running in uber mode : false
16/09/26 03:46:08 INFO mapreduce.Job:  map 100% reduce 100%
16/09/26 03:46:08 INFO mapreduce.Job: Job job_local514368623_0001 completed successfully
16/09/26 03:46:08 INFO mapreduce.Job: Counters: 30
        File System Counters
                FILE: Number of bytes read=213304
                FILE: Number of bytes written=795026
                FILE: Number of read operations=0
                FILE: Number of large read operations=0
                FILE: Number of write operations=0
        Map-Reduce Framework
                Map input records=5
                Map output records=5
                Map output bytes=55
                Map output materialized bytes=71
                Input split bytes=107
                Combine input records=0
                Combine output records=0
                Reduce input groups=2
                Reduce shuffle bytes=71
                Reduce input records=5
                Reduce output records=2
                Spilled Records=10
                Shuffled Maps =1
                Failed Shuffles=0
                Merged Map outputs=1
                GC time elapsed (ms)=29
                Total committed heap usage (bytes)=331489280
        Shuffle Errors
                BAD_ID=0
                CONNECTION=0
                IO_ERROR=0
                WRONG_LENGTH=0
                WRONG_MAP=0
                WRONG_REDUCE=0
        File Input Format Counters
                Bytes Read=529
        File Output Format Counters
                Bytes Written=29
16/09/26 03:46:08 INFO streaming.StreamJob: Output directory: /home/storageulf/output
[storageulf@hadoop ~]$
