[storageulf@hadoop ~]$ hadoop jar /home/storageulf/hadoop/hadoop-2.7.2/share/hadoop/tools/lib/hadoop-streaming-2.7.2.jar -input /user/storageulf/hadoop-book/input/ncdc/sample.txt -output output2 -mapper /home/storageulf/hadoop-book/ch02-mr-intro/src/main/python/max_temperature_map.py -reducer /home/storageulf/hadoop-book/ch02-mr-intro/src/main/python/max_temperature_reduce.py
packageJobJar: [/tmp/hadoop-unjar5352432183129844168/] [] /tmp/streamjob2848827473865348913.jar tmpDir=null
16/09/27 20:02:58 INFO client.RMProxy: Connecting to ResourceManager at /0.0.0.0:8032
16/09/27 20:02:58 INFO client.RMProxy: Connecting to ResourceManager at /0.0.0.0:8032
16/09/27 20:02:59 INFO mapred.FileInputFormat: Total input paths to process : 1
16/09/27 20:02:59 INFO mapreduce.JobSubmitter: number of splits:2
16/09/27 20:03:00 INFO mapreduce.JobSubmitter: Submitting tokens for job: job_1474982924340_0003
16/09/27 20:03:13 INFO impl.YarnClientImpl: Submitted application application_1474982924340_0003
16/09/27 20:03:13 INFO mapreduce.Job: The url to track the job: http://hadoop.storageulf:8088/proxy/application_1474982924340_0003/
16/09/27 20:03:13 INFO mapreduce.Job: Running job: job_1474982924340_0003
16/09/27 20:03:37 INFO mapreduce.Job: Job job_1474982924340_0003 running in uber mode : false
16/09/27 20:03:37 INFO mapreduce.Job:  map 0% reduce 0%
16/09/27 20:03:47 INFO mapreduce.Job:  map 100% reduce 0%
16/09/27 20:03:54 INFO mapreduce.Job:  map 100% reduce 100%
16/09/27 20:03:54 INFO mapreduce.Job: Job job_1474982924340_0003 completed successfully
16/09/27 20:03:54 INFO mapreduce.Job: Counters: 49
        File System Counters
                FILE: Number of bytes read=71
                FILE: Number of bytes written=358644
                FILE: Number of read operations=0
                FILE: Number of large read operations=0
                FILE: Number of write operations=0
                HDFS: Number of bytes read=1030
                HDFS: Number of bytes written=17
                HDFS: Number of read operations=9
                HDFS: Number of large read operations=0
                HDFS: Number of write operations=2
        Job Counters
                Launched map tasks=2
                Launched reduce tasks=1
                Data-local map tasks=2
                Total time spent by all maps in occupied slots (ms)=14034
                Total time spent by all reduces in occupied slots (ms)=3616
                Total time spent by all map tasks (ms)=14034
                Total time spent by all reduce tasks (ms)=3616
                Total vcore-milliseconds taken by all map tasks=14034
                Total vcore-milliseconds taken by all reduce tasks=3616
                Total megabyte-milliseconds taken by all map tasks=14370816
                Total megabyte-milliseconds taken by all reduce tasks=3702784
        Map-Reduce Framework
                Map input records=5
                Map output records=5
                Map output bytes=55
                Map output materialized bytes=77
                Input split bytes=236
                Combine input records=0
                Combine output records=0
                Reduce input groups=2
                Reduce shuffle bytes=77
                Reduce input records=5
                Reduce output records=2
                Spilled Records=10
                Shuffled Maps =2
                Failed Shuffles=0
                Merged Map outputs=2
                GC time elapsed (ms)=184
                CPU time spent (ms)=1230
                Physical memory (bytes) snapshot=521297920
                Virtual memory (bytes) snapshot=6287986688
                Total committed heap usage (bytes)=378470400
        Shuffle Errors
                BAD_ID=0
                CONNECTION=0
                IO_ERROR=0
                WRONG_LENGTH=0
                WRONG_MAP=0
                WRONG_REDUCE=0
        File Input Format Counters
                Bytes Read=794
        File Output Format Counters
                Bytes Written=17
16/09/27 20:03:54 INFO streaming.StreamJob: Output directory: output2

[storageulf@hadoop ~]$ 
